This is pdfTeX, Version 3.1415926-2.5-1.40.14 (TeX Live 2013/Debian) (format=pdflatex 2016.3.7)  8 APR 2016 10:35
entering extended mode
 restricted \write18 enabled.
 %&-line parsing enabled.
**Straub_KM_T_2016.tex
(./Straub_KM_T_2016.tex
LaTeX2e <2011/06/27>
Babel <3.9h> and hyphenation patterns for 78 languages loaded.
(/usr/share/texlive/texmf-dist/tex/latex/base/report.cls
Document Class: report 2007/10/19 v1.4h Standard LaTeX document class
(/usr/share/texlive/texmf-dist/tex/latex/base/size12.clo
File: size12.clo 2007/10/19 v1.4h Standard LaTeX file (size option)
)
\c@part=\count79
\c@chapter=\count80
\c@section=\count81
\c@subsection=\count82
\c@subsubsection=\count83
\c@paragraph=\count84
\c@subparagraph=\count85
\c@figure=\count86
\c@table=\count87
\abovecaptionskip=\skip41
\belowcaptionskip=\skip42
\bibindent=\dimen102
)
(/usr/share/texlive/texmf-dist/tex/latex/psnfss/times.sty
Package: times 2005/04/12 PSNFSS-v9.2a (SPQR) 
)
(/usr/share/texlive/texmf-dist/tex/latex/graphics/graphicx.sty
Package: graphicx 1999/02/16 v1.0f Enhanced LaTeX Graphics (DPC,SPQR)

(/usr/share/texlive/texmf-dist/tex/latex/graphics/keyval.sty
Package: keyval 1999/03/16 v1.13 key=value parser (DPC)
\KV@toks@=\toks14
)
(/usr/share/texlive/texmf-dist/tex/latex/graphics/graphics.sty
Package: graphics 2009/02/05 v1.0o Standard LaTeX Graphics (DPC,SPQR)

(/usr/share/texlive/texmf-dist/tex/latex/graphics/trig.sty
Package: trig 1999/03/16 v1.09 sin cos tan (DPC)
)
(/usr/share/texlive/texmf-dist/tex/latex/latexconfig/graphics.cfg
File: graphics.cfg 2010/04/23 v1.9 graphics configuration of TeX Live
)
Package graphics Info: Driver file: pdftex.def on input line 91.

(/usr/share/texlive/texmf-dist/tex/latex/pdftex-def/pdftex.def
File: pdftex.def 2011/05/27 v0.06d Graphics/color for pdfTeX

(/usr/share/texlive/texmf-dist/tex/generic/oberdiek/infwarerr.sty
Package: infwarerr 2010/04/08 v1.3 Providing info/warning/error messages (HO)
)
(/usr/share/texlive/texmf-dist/tex/generic/oberdiek/ltxcmds.sty
Package: ltxcmds 2011/11/09 v1.22 LaTeX kernel commands for general use (HO)
)
\Gread@gobject=\count88
))
\Gin@req@height=\dimen103
\Gin@req@width=\dimen104
)
(/usr/share/texlive/texmf-dist/tex/latex/amsmath/amsmath.sty
Package: amsmath 2013/01/14 v2.14 AMS math features
\@mathmargin=\skip43

For additional information on amsmath, use the `?' option.
(/usr/share/texlive/texmf-dist/tex/latex/amsmath/amstext.sty
Package: amstext 2000/06/29 v2.01

(/usr/share/texlive/texmf-dist/tex/latex/amsmath/amsgen.sty
File: amsgen.sty 1999/11/30 v2.0
\@emptytoks=\toks15
\ex@=\dimen105
))
(/usr/share/texlive/texmf-dist/tex/latex/amsmath/amsbsy.sty
Package: amsbsy 1999/11/29 v1.2d
\pmbraise@=\dimen106
)
(/usr/share/texlive/texmf-dist/tex/latex/amsmath/amsopn.sty
Package: amsopn 1999/12/14 v2.01 operator names
)
\inf@bad=\count89
LaTeX Info: Redefining \frac on input line 210.
\uproot@=\count90
\leftroot@=\count91
LaTeX Info: Redefining \overline on input line 306.
\classnum@=\count92
\DOTSCASE@=\count93
LaTeX Info: Redefining \ldots on input line 378.
LaTeX Info: Redefining \dots on input line 381.
LaTeX Info: Redefining \cdots on input line 466.
\Mathstrutbox@=\box26
\strutbox@=\box27
\big@size=\dimen107
LaTeX Font Info:    Redeclaring font encoding OML on input line 566.
LaTeX Font Info:    Redeclaring font encoding OMS on input line 567.
\macc@depth=\count94
\c@MaxMatrixCols=\count95
\dotsspace@=\muskip10
\c@parentequation=\count96
\dspbrk@lvl=\count97
\tag@help=\toks16
\row@=\count98
\column@=\count99
\maxfields@=\count100
\andhelp@=\toks17
\eqnshift@=\dimen108
\alignsep@=\dimen109
\tagshift@=\dimen110
\tagwidth@=\dimen111
\totwidth@=\dimen112
\lineht@=\dimen113
\@envbody=\toks18
\multlinegap=\skip44
\multlinetaggap=\skip45
\mathdisplay@stack=\toks19
LaTeX Info: Redefining \[ on input line 2665.
LaTeX Info: Redefining \] on input line 2666.
)
(/usr/share/texlive/texmf-dist/tex/latex/amscls/amsthm.sty
Package: amsthm 2004/08/06 v2.20
\thm@style=\toks20
\thm@bodyfont=\toks21
\thm@headfont=\toks22
\thm@notefont=\toks23
\thm@headpunct=\toks24
\thm@preskip=\skip46
\thm@postskip=\skip47
\thm@headsep=\skip48
\dth@everypar=\toks25
)
(/usr/share/texlive/texmf-dist/tex/latex/amsfonts/amssymb.sty
Package: amssymb 2013/01/14 v3.01 AMS font symbols

(/usr/share/texlive/texmf-dist/tex/latex/amsfonts/amsfonts.sty
Package: amsfonts 2013/01/14 v3.01 Basic AMSFonts support
\symAMSa=\mathgroup4
\symAMSb=\mathgroup5
LaTeX Font Info:    Overwriting math alphabet `\mathfrak' in version `bold'
(Font)                  U/euf/m/n --> U/euf/b/n on input line 106.
))
(/usr/share/texlive/texmf-dist/tex/latex/tools/enumerate.sty
Package: enumerate 1999/03/05 v3.00 enumerate extensions (DPC)
\@enLab=\toks26
)
(/usr/share/texlive/texmf-dist/tex/latex/preprint/fullpage.sty
Package: fullpage 1999/02/23 1.1 (PWD)
\FP@margin=\skip49
)
(/usr/share/texlive/texmf-dist/tex/latex/hyperref/hyperref.sty
Package: hyperref 2012/11/06 v6.83m Hypertext links for LaTeX

(/usr/share/texlive/texmf-dist/tex/generic/oberdiek/hobsub-hyperref.sty
Package: hobsub-hyperref 2012/05/28 v1.13 Bundle oberdiek, subset hyperref (HO)


(/usr/share/texlive/texmf-dist/tex/generic/oberdiek/hobsub-generic.sty
Package: hobsub-generic 2012/05/28 v1.13 Bundle oberdiek, subset generic (HO)
Package: hobsub 2012/05/28 v1.13 Construct package bundles (HO)
Package hobsub Info: Skipping package `infwarerr' (already loaded).
Package hobsub Info: Skipping package `ltxcmds' (already loaded).
Package: ifluatex 2010/03/01 v1.3 Provides the ifluatex switch (HO)
Package ifluatex Info: LuaTeX not detected.
Package: ifvtex 2010/03/01 v1.5 Detect VTeX and its facilities (HO)
Package ifvtex Info: VTeX not detected.
Package: intcalc 2007/09/27 v1.1 Expandable calculations with integers (HO)
Package: ifpdf 2011/01/30 v2.3 Provides the ifpdf switch (HO)
Package ifpdf Info: pdfTeX in PDF mode is detected.
Package: etexcmds 2011/02/16 v1.5 Avoid name clashes with e-TeX commands (HO)
Package etexcmds Info: Could not find \expanded.
(etexcmds)             That can mean that you are not using pdfTeX 1.50 or
(etexcmds)             that some package has redefined \expanded.
(etexcmds)             In the latter case, load this package earlier.
Package: kvsetkeys 2012/04/25 v1.16 Key value parser (HO)
Package: kvdefinekeys 2011/04/07 v1.3 Define keys (HO)
Package: pdftexcmds 2011/11/29 v0.20 Utility functions of pdfTeX for LuaTeX (HO
)
Package pdftexcmds Info: LuaTeX not detected.
Package pdftexcmds Info: \pdf@primitive is available.
Package pdftexcmds Info: \pdf@ifprimitive is available.
Package pdftexcmds Info: \pdfdraftmode found.
Package: pdfescape 2011/11/25 v1.13 Implements pdfTeX's escape features (HO)
Package: bigintcalc 2012/04/08 v1.3 Expandable calculations on big integers (HO
)
Package: bitset 2011/01/30 v1.1 Handle bit-vector datatype (HO)
Package: uniquecounter 2011/01/30 v1.2 Provide unlimited unique counter (HO)
)
Package hobsub Info: Skipping package `hobsub' (already loaded).
Package: letltxmacro 2010/09/02 v1.4 Let assignment for LaTeX macros (HO)
Package: hopatch 2012/05/28 v1.2 Wrapper for package hooks (HO)
Package: xcolor-patch 2011/01/30 xcolor patch
Package: atveryend 2011/06/30 v1.8 Hooks at the very end of document (HO)
Package atveryend Info: \enddocument detected (standard20110627).
Package: atbegshi 2011/10/05 v1.16 At begin shipout hook (HO)
Package: refcount 2011/10/16 v3.4 Data extraction from label references (HO)
Package: hycolor 2011/01/30 v1.7 Color options for hyperref/bookmark (HO)
)
(/usr/share/texlive/texmf-dist/tex/generic/ifxetex/ifxetex.sty
Package: ifxetex 2010/09/12 v0.6 Provides ifxetex conditional
)
(/usr/share/texlive/texmf-dist/tex/latex/oberdiek/auxhook.sty
Package: auxhook 2011/03/04 v1.3 Hooks for auxiliary files (HO)
)
(/usr/share/texlive/texmf-dist/tex/latex/oberdiek/kvoptions.sty
Package: kvoptions 2011/06/30 v3.11 Key value format for package options (HO)
)
\@linkdim=\dimen114
\Hy@linkcounter=\count101
\Hy@pagecounter=\count102

(/usr/share/texlive/texmf-dist/tex/latex/hyperref/pd1enc.def
File: pd1enc.def 2012/11/06 v6.83m Hyperref: PDFDocEncoding definition (HO)
)
\Hy@SavedSpaceFactor=\count103

(/usr/share/texlive/texmf-dist/tex/latex/latexconfig/hyperref.cfg
File: hyperref.cfg 2002/06/06 v1.2 hyperref configuration of TeXLive
)
Package hyperref Info: Hyper figures OFF on input line 4443.
Package hyperref Info: Link nesting OFF on input line 4448.
Package hyperref Info: Hyper index ON on input line 4451.
Package hyperref Info: Plain pages OFF on input line 4458.
Package hyperref Info: Backreferencing OFF on input line 4463.
Package hyperref Info: Implicit mode ON; LaTeX internals redefined.
Package hyperref Info: Bookmarks ON on input line 4688.
\c@Hy@tempcnt=\count104

(/usr/share/texlive/texmf-dist/tex/latex/url/url.sty
\Urlmuskip=\muskip11
Package: url 2013/09/16  ver 3.4  Verb mode for urls, etc.
)
LaTeX Info: Redefining \url on input line 5041.
\XeTeXLinkMargin=\dimen115
\Fld@menulength=\count105
\Field@Width=\dimen116
\Fld@charsize=\dimen117
Package hyperref Info: Hyper figures OFF on input line 6295.
Package hyperref Info: Link nesting OFF on input line 6300.
Package hyperref Info: Hyper index ON on input line 6303.
Package hyperref Info: backreferencing OFF on input line 6310.
Package hyperref Info: Link coloring OFF on input line 6315.
Package hyperref Info: Link coloring with OCG OFF on input line 6320.
Package hyperref Info: PDF/A mode OFF on input line 6325.
LaTeX Info: Redefining \ref on input line 6365.
LaTeX Info: Redefining \pageref on input line 6369.
\Hy@abspage=\count106
\c@Item=\count107
\c@Hfootnote=\count108
)

Package hyperref Message: Driver (autodetected): hpdftex.

(/usr/share/texlive/texmf-dist/tex/latex/hyperref/hpdftex.def
File: hpdftex.def 2012/11/06 v6.83m Hyperref driver for pdfTeX
\Fld@listcount=\count109
\c@bookmark@seq@number=\count110

(/usr/share/texlive/texmf-dist/tex/latex/oberdiek/rerunfilecheck.sty
Package: rerunfilecheck 2011/04/15 v1.7 Rerun checks for auxiliary files (HO)
Package uniquecounter Info: New unique counter `rerunfilecheck' on input line 2
82.
)
\Hy@SectionHShift=\skip50
)
(/usr/share/texlive/texmf-dist/tex/latex/soul/soul.sty
Package: soul 2003/11/17 v2.4 letterspacing/underlining (mf)
\SOUL@word=\toks27
\SOUL@lasttoken=\toks28
\SOUL@cmds=\toks29
\SOUL@buffer=\toks30
\SOUL@token=\toks31
\SOUL@spaceskip=\skip51
\SOUL@ttwidth=\dimen118
\SOUL@uldp=\dimen119
\SOUL@ulht=\dimen120
)
(/usr/share/texmf/tex/latex/xcolor/xcolor.sty
Package: xcolor 2007/01/21 v2.11 LaTeX color extensions (UK)

(/usr/share/texlive/texmf-dist/tex/latex/latexconfig/color.cfg
File: color.cfg 2007/01/18 v1.5 color configuration of teTeX/TeXLive
)
Package xcolor Info: Driver file: pdftex.def on input line 225.
Package xcolor Info: Model `cmy' substituted by `cmy0' on input line 1337.
Package xcolor Info: Model `hsb' substituted by `rgb' on input line 1341.
Package xcolor Info: Model `RGB' extended on input line 1353.
Package xcolor Info: Model `HTML' substituted by `rgb' on input line 1355.
Package xcolor Info: Model `Hsb' substituted by `hsb' on input line 1356.
Package xcolor Info: Model `tHsb' substituted by `hsb' on input line 1357.
Package xcolor Info: Model `HSB' substituted by `hsb' on input line 1358.
Package xcolor Info: Model `Gray' substituted by `gray' on input line 1359.
Package xcolor Info: Model `wave' substituted by `hsb' on input line 1360.
)
(/usr/share/texlive/texmf-dist/tex/latex/comment/comment.sty
\CommentStream=\write3

Excluding comment 'comment')
(/usr/share/texlive/texmf-dist/tex/latex/listings/listings.sty
\lst@mode=\count111
\lst@gtempboxa=\box28
\lst@token=\toks32
\lst@length=\count112
\lst@currlwidth=\dimen121
\lst@column=\count113
\lst@pos=\count114
\lst@lostspace=\dimen122
\lst@width=\dimen123
\lst@newlines=\count115
\lst@lineno=\count116
\lst@maxwidth=\dimen124

(/usr/share/texlive/texmf-dist/tex/latex/listings/lstmisc.sty
File: lstmisc.sty 2013/08/26 1.5b (Carsten Heinz)
\c@lstnumber=\count117
\lst@skipnumbers=\count118
\lst@framebox=\box29
)
(/usr/share/texlive/texmf-dist/tex/latex/listings/listings.cfg
File: listings.cfg 2013/08/26 1.5b listings configuration
))
Package: listings 2013/08/26 1.5b (Carsten Heinz)

(/usr/share/texlive/texmf-dist/tex/latex/fancybox/fancybox.sty
Package: fancybox 2010/05/15 1.4

Style option: `fancybox' v1.4 <2010/05/15> (tvz)
\@fancybox=\box30
\shadowsize=\dimen125
\@Sbox=\box31
\do@VerbBox=\toks33
\the@fancyput=\toks34
\this@fancyput=\toks35
\EndVerbatimTokens=\toks36
\Verbatim@Outfile=\write4
\Verbatim@Infile=\read1
) (/usr/share/texlive/texmf-dist/tex/latex/framed/framed.sty
Package: framed 2011/10/22 v 0.96: framed or shaded text with page breaks
\OuterFrameSep=\skip52
\fb@frw=\dimen126
\fb@frh=\dimen127
\FrameRule=\dimen128
\FrameSep=\dimen129
)
(/usr/share/texlive/texmf-dist/tex/latex/jknapltx/mathrsfs.sty
Package: mathrsfs 1996/01/01 Math RSFS package v1.0 (jk)
\symrsfs=\mathgroup6
)
(/usr/share/texlive/texmf-dist/tex/latex/paralist/paralist.sty
Package: paralist 2013/06/09 v2.4 Extended list environments
\pltopsep=\skip53
\plpartopsep=\skip54
\plitemsep=\skip55
\plparsep=\skip56
\pl@lab=\toks37
)
(/usr/share/texlive/texmf-dist/tex/latex/booktabs/booktabs.sty
Package: booktabs 2005/04/14 v1.61803 publication quality tables
\heavyrulewidth=\dimen130
\lightrulewidth=\dimen131
\cmidrulewidth=\dimen132
\belowrulesep=\dimen133
\belowbottomsep=\dimen134
\aboverulesep=\dimen135
\abovetopsep=\dimen136
\cmidrulesep=\dimen137
\cmidrulekern=\dimen138
\defaultaddspace=\dimen139
\@cmidla=\count119
\@cmidlb=\count120
\@aboverulesep=\dimen140
\@belowrulesep=\dimen141
\@thisruleclass=\count121
\@lastruleclass=\count122
\@thisrulewidth=\dimen142
)
(/usr/share/texlive/texmf-dist/tex/latex/floatrow/floatrow.sty
Package: floatrow 2008/08/02 v0.3b floatrow: float package extension

(/usr/share/texlive/texmf-dist/tex/latex/caption/caption3.sty
Package: caption3 2013/05/02 v1.6-88 caption3 kernel (AR)
Package caption3 Info: TeX engine: e-TeX on input line 57.
\captionmargin=\dimen143
\captionmargin@=\dimen144
\captionwidth=\dimen145
\caption@tempdima=\dimen146
\caption@indent=\dimen147
\caption@parindent=\dimen148
\caption@hangindent=\dimen149
)
\c@float@type=\count123
\float@exts=\toks38
\float@box=\box32
\@floatcapt=\box33
Package floatrow Info: Modified float package code loaded on input line 455.
Package floatrow Info: Modified rotfloat package code loaded on input line 473.

\FR@everyfloat=\toks39
\flrow@foot=\insert233
\FB@wd=\dimen150
\FBo@wd=\dimen151
\FBc@wd=\dimen152
\FBo@ht=\skip57
\FBc@ht=\skip58
\FBf@ht=\skip59
\FBo@max=\skip60
\FBc@max=\skip61
\FBf@max=\skip62
\c@FBl@b=\count124
\floatbox@depth=\count125
\c@FRobj=\count126
\c@FRsobj=\count127
\Xhsize=\skip63
\sXhsize=\skip64
\Zhsize=\skip65
\sZhsize=\skip66
\flrow@rowbox=\box34
\FR@Zunitlength=\dimen153
\c@FBcnt=\count128
\FPOScnt=\count129
\LTleft=\skip67
\LTright=\skip68
\LTleft=\skip69
\LTright=\skip70
\flrow@types=\toks40
)
(/usr/share/texlive/texmf-dist/tex/latex/caption/caption.sty
Package: caption 2013/05/02 v3.3-89 Customizing captions (AR)
\c@ContinuedFloat=\count130
Package caption Info: float package is loaded.
Package caption Info: floatrow package is loaded.
Package caption Info: hyperref package is loaded.
Package caption Info: listings package is loaded.
)
(/usr/share/texlive/texmf-dist/tex/latex/fancyhdr/fancyhdr.sty
\fancy@headwidth=\skip71
\f@ncyO@elh=\skip72
\f@ncyO@erh=\skip73
\f@ncyO@olh=\skip74
\f@ncyO@orh=\skip75
\f@ncyO@elf=\skip76
\f@ncyO@erf=\skip77
\f@ncyO@olf=\skip78
\f@ncyO@orf=\skip79
)
(/usr/share/texlive/texmf-dist/tex/latex/geometry/geometry.sty
Package: geometry 2010/09/12 v5.6 Page Geometry
\Gm@cnth=\count131
\Gm@cntv=\count132
\c@Gm@tempcnt=\count133
\Gm@bindingoffset=\dimen154
\Gm@wd@mp=\dimen155
\Gm@odd@mp=\dimen156
\Gm@even@mp=\dimen157
\Gm@layoutwidth=\dimen158
\Gm@layoutheight=\dimen159
\Gm@layouthoffset=\dimen160
\Gm@layoutvoffset=\dimen161
\Gm@dimlist=\toks41
)
(/usr/share/texlive/texmf-dist/tex/latex/tocloft/tocloft.sty
Package: tocloft 2013/05/02 v2.3f parameterised ToC, etc., typesetting
Package tocloft Info: The document has chapter divisions on input line 44.
\cftparskip=\skip80
\cftbeforetoctitleskip=\skip81
\cftaftertoctitleskip=\skip82
\cftbeforepartskip=\skip83
\cftpartnumwidth=\skip84
\cftpartindent=\skip85
\cftbeforechapskip=\skip86
\cftchapindent=\skip87
\cftchapnumwidth=\skip88
\cftbeforesecskip=\skip89
\cftsecindent=\skip90
\cftsecnumwidth=\skip91
\cftbeforesubsecskip=\skip92
\cftsubsecindent=\skip93
\cftsubsecnumwidth=\skip94
\cftbeforesubsubsecskip=\skip95
\cftsubsubsecindent=\skip96
\cftsubsubsecnumwidth=\skip97
\cftbeforeparaskip=\skip98
\cftparaindent=\skip99
\cftparanumwidth=\skip100
\cftbeforesubparaskip=\skip101
\cftsubparaindent=\skip102
\cftsubparanumwidth=\skip103
\cftbeforeloftitleskip=\skip104
\cftafterloftitleskip=\skip105
\cftbeforefigskip=\skip106
\cftfigindent=\skip107
\cftfignumwidth=\skip108
\c@lofdepth=\count134
\c@lotdepth=\count135
\cftbeforelottitleskip=\skip109
\cftafterlottitleskip=\skip110
\cftbeforetabskip=\skip111
\cfttabindent=\skip112
\cfttabnumwidth=\skip113
)
Package hyperref Info: Option `breaklinks' set `true' on input line 39.

(/usr/share/texlive/texmf-dist/tex/latex/tocbibind/tocbibind.sty
Package: tocbibind 2010/10/13 v1.5k extra ToC listings
Package tocbibind Info: The document has chapter divisions on input line 50.


Package tocbibind Note: Using chapter style headings, unless overridden.

) (/usr/share/texlive/texmf-dist/tex/generic/epsf/epsf.sty
This is `epsf.tex' v2.7.4 <14 February 2011>
\epsffilein=\read2
\epsfframemargin=\dimen162
\epsfframethickness=\dimen163
\epsfrsize=\dimen164
\epsftmp=\dimen165
\epsftsize=\dimen166
\epsfxsize=\dimen167
\epsfysize=\dimen168
\pspoints=\dimen169
) (./Straub_KM_T_2016.aux)
\openout1 = `Straub_KM_T_2016.aux'.

LaTeX Font Info:    Checking defaults for OML/cmm/m/it on input line 78.
LaTeX Font Info:    ... okay on input line 78.
LaTeX Font Info:    Checking defaults for T1/cmr/m/n on input line 78.
LaTeX Font Info:    ... okay on input line 78.
LaTeX Font Info:    Checking defaults for OT1/cmr/m/n on input line 78.
LaTeX Font Info:    ... okay on input line 78.
LaTeX Font Info:    Checking defaults for OMS/cmsy/m/n on input line 78.
LaTeX Font Info:    ... okay on input line 78.
LaTeX Font Info:    Checking defaults for OMX/cmex/m/n on input line 78.
LaTeX Font Info:    ... okay on input line 78.
LaTeX Font Info:    Checking defaults for U/cmr/m/n on input line 78.
LaTeX Font Info:    ... okay on input line 78.
LaTeX Font Info:    Checking defaults for PD1/pdf/m/n on input line 78.
LaTeX Font Info:    ... okay on input line 78.
LaTeX Font Info:    Try loading font information for OT1+ptm on input line 78.

(/usr/share/texlive/texmf-dist/tex/latex/psnfss/ot1ptm.fd
File: ot1ptm.fd 2001/06/04 font definitions for OT1/ptm.
)
(/usr/share/texlive/texmf-dist/tex/context/base/supp-pdf.mkii
[Loading MPS to PDF converter (version 2006.09.02).]
\scratchcounter=\count136
\scratchdimen=\dimen170
\scratchbox=\box35
\nofMPsegments=\count137
\nofMParguments=\count138
\everyMPshowfont=\toks42
\MPscratchCnt=\count139
\MPscratchDim=\dimen171
\MPnumerator=\count140
\makeMPintoPDFobject=\count141
\everyMPtoPDFconversion=\toks43
) (/usr/share/texlive/texmf-dist/tex/latex/oberdiek/epstopdf-base.sty
Package: epstopdf-base 2010/02/09 v2.5 Base part for package epstopdf

(/usr/share/texlive/texmf-dist/tex/latex/oberdiek/grfext.sty
Package: grfext 2010/08/19 v1.1 Manage graphics extensions (HO)
)
Package grfext Info: Graphics extension search list:
(grfext)             [.png,.pdf,.jpg,.mps,.jpeg,.jbig2,.jb2,.PNG,.PDF,.JPG,.JPE
G,.JBIG2,.JB2,.eps]
(grfext)             \AppendGraphicsExtensions on input line 452.

(/usr/share/texlive/texmf-dist/tex/latex/latexconfig/epstopdf-sys.cfg
File: epstopdf-sys.cfg 2010/07/13 v1.3 Configuration of (r)epstopdf for TeX Liv
e
))
\AtBeginShipoutBox=\box36
Package hyperref Info: Link coloring OFF on input line 78.

(/usr/share/texlive/texmf-dist/tex/latex/hyperref/nameref.sty
Package: nameref 2012/10/27 v2.43 Cross-referencing by name of section

(/usr/share/texlive/texmf-dist/tex/generic/oberdiek/gettitlestring.sty
Package: gettitlestring 2010/12/03 v1.4 Cleanup title references (HO)
)
\c@section@level=\count142
)
LaTeX Info: Redefining \ref on input line 78.
LaTeX Info: Redefining \pageref on input line 78.
LaTeX Info: Redefining \nameref on input line 78.

(./Straub_KM_T_2016.out) (./Straub_KM_T_2016.out)
\@outlinefile=\write5
\openout5 = `Straub_KM_T_2016.out'.

\c@lstlisting=\count143
Package caption Info: Begin \AtBeginDocument code.
Package caption Info: floatrow package is loaded.
Package caption Info: End \AtBeginDocument code.

*geometry* driver: auto-detecting
*geometry* detected driver: pdftex
*geometry* verbose mode - [ preamble ] result:
* driver: pdftex
* paper: <default>
* layout: <same size as paper>
* layoutoffset:(h,v)=(0.0pt,0.0pt)
* modes: 
* h-part:(L,W,R)=(92.14519pt, 430.00462pt, 92.14519pt)
* v-part:(T,H,B)=(95.39737pt, 556.47656pt, 143.09605pt)
* \paperwidth=614.295pt
* \paperheight=794.96999pt
* \textwidth=469.75499pt
* \textheight=614.295pt
* \oddsidemargin=0.0pt
* \evensidemargin=0.0pt
* \topmargin=0.0pt
* \headheight=14.22636pt
* \headsep=14.22636pt
* \topskip=12.0pt
* \footskip=30.0pt
* \marginparwidth=44.0pt
* \marginparsep=10.0pt
* \columnsep=10.0pt
* \skip\footins=10.8pt plus 4.0pt minus 2.0pt
* \hoffset=0.0pt
* \voffset=0.0pt
* \mag=1000
* \@twocolumnfalse
* \@twosidefalse
* \@mparswitchfalse
* \@reversemarginfalse
* (1in=72.27pt=25.4mm, 1cm=28.453pt)

[1

{/var/lib/texmf/fonts/map/pdftex/updmap/pdftex.map}] [2]
LaTeX Font Info:    Font shape `OT1/ptm/bx/n' in size <24.88> not available
(Font)              Font shape `OT1/ptm/b/n' tried instead on input line 162.

(./Straub_KM_T_2016.toc
LaTeX Font Info:    Font shape `OT1/ptm/bx/n' in size <12> not available
(Font)              Font shape `OT1/ptm/b/n' tried instead on input line 1.
LaTeX Font Info:    Try loading font information for U+msa on input line 1.

(/usr/share/texlive/texmf-dist/tex/latex/amsfonts/umsa.fd
File: umsa.fd 2013/01/14 v3.01 AMS symbols A
)
LaTeX Font Info:    Try loading font information for U+msb on input line 1.

(/usr/share/texlive/texmf-dist/tex/latex/amsfonts/umsb.fd
File: umsb.fd 2013/01/14 v3.01 AMS symbols B
)
LaTeX Font Info:    Try loading font information for U+rsfs on input line 1.

(/usr/share/texlive/texmf-dist/tex/latex/jknapltx/ursfs.fd
File: ursfs.fd 1998/03/24 rsfs font definition file (jk)
) [3

] [4])
\tf@toc=\write6
\openout6 = `Straub_KM_T_2016.toc'.

 [5]
(./Straub_KM_T_2016.lof [6])
\tf@lof=\write7
\openout7 = `Straub_KM_T_2016.lof'.

 [7] (./Straub_KM_T_2016.lot)
\tf@lot=\write8
\openout8 = `Straub_KM_T_2016.lot'.

 [8]
Chapter 1.
LaTeX Font Info:    Font shape `OT1/ptm/bx/n' in size <17.28> not available
(Font)              Font shape `OT1/ptm/b/n' tried instead on input line 183.
[1

] [2] [3] [4]
Chapter 2.
[5

] [6]
Missing character: There is no ‚ in font ptmr7t!
Missing character: There is no Ä in font ptmr7t!
Missing character: There is no ú in font ptmr7t!
Missing character: There is no ‚ in font ptmr7t!
Missing character: There is no Ä in font ptmr7t!
Missing character: There is no ù in font ptmr7t!
Missing character: There is no ‚ in font ptmr7t!
Missing character: There is no Ä in font ptmr7t!
Missing character: There is no ú in font ptmr7t!
Missing character: There is no ‚ in font ptmr7t!
Missing character: There is no Ä in font ptmr7t!
Missing character: There is no ù in font ptmr7t!
 [7] [8] [9]
Chapter 3.
[10

] <Pictures/hash_ex.png, id=357, 890.8482pt x 102.1416pt>
File: Pictures/hash_ex.png Graphic file (type png)

<use Pictures/hash_ex.png>
Package pdftex.def Info: Pictures/hash_ex.png used on input line 325.
(pdftex.def)             Requested size: 469.75499pt x 53.86047pt.
LaTeX Font Info:    Font shape `OT1/ptm/bx/n' in size <10.95> not available
(Font)              Font shape `OT1/ptm/b/n' tried instead on input line 326.
 [11 <./Pictures/hash_ex.png>]
LaTeX Font Info:    Try loading font information for OMS+ptm on input line 353.


(/usr/share/texlive/texmf-dist/tex/latex/psnfss/omsptm.fd
File: omsptm.fd 
)
LaTeX Font Info:    Font shape `OMS/ptm/m/n' in size <12> not available
(Font)              Font shape `OMS/cmsy/m/n' tried instead on input line 353.
 [12]
<Pictures/emails_over_time.png, id=372, 1125.9666pt x 639.5895pt>
File: Pictures/emails_over_time.png Graphic file (type png)

<use Pictures/emails_over_time.png>
Package pdftex.def Info: Pictures/emails_over_time.png used on input line 397.
(pdftex.def)             Requested size: 469.75499pt x 266.83978pt.

<Pictures/class_breakdown.png, id=376, 409.0482pt x 224.037pt>
File: Pictures/class_breakdown.png Graphic file (type png)

<use Pictures/class_breakdown.png>
Package pdftex.def Info: Pictures/class_breakdown.png used on input line 407.
(pdftex.def)             Requested size: 469.75499pt x 257.29526pt.
 [13]
<Pictures/Total_emails_by_class.png, id=385, 485.1726pt x 230.7822pt>
File: Pictures/Total_emails_by_class.png Graphic file (type png)

<use Pictures/Total_emails_by_class.png>
Package pdftex.def Info: Pictures/Total_emails_by_class.png used on input line 
416.
(pdftex.def)             Requested size: 469.75499pt x 223.45349pt.
 [14]
LaTeX Font Info:    Font shape `OT1/ptm/bx/n' in size <14.4> not available
(Font)              Font shape `OT1/ptm/b/n' tried instead on input line 430.
 [15 <./Pictures/emails_over_time.png>] [16 <./Pictures/class_breakdown.png>] [
17 <./Pictures/Total_emails_by_class.png>] [18]
<Pictures/Unique_subjects_rec_hist.png, id=418, 837.88031pt x 459.21562pt>
File: Pictures/Unique_subjects_rec_hist.png Graphic file (type png)

<use Pictures/Unique_subjects_rec_hist.png>
Package pdftex.def Info: Pictures/Unique_subjects_rec_hist.png used on input li
ne 492.
(pdftex.def)             Requested size: 469.75499pt x 257.45328pt.
 [19] [20] [21 <./Pictures/Unique_subjects_rec_hist.png>]
<Pictures/color_social_network.png, id=438, 1329.0453pt x 706.0779pt>
File: Pictures/color_social_network.png Graphic file (type png)

<use Pictures/color_social_network.png>
Package pdftex.def Info: Pictures/color_social_network.png used on input line 5
23.
(pdftex.def)             Requested size: 469.75499pt x 249.56586pt.

<Pictures/JetEdit.png, id=441, 1446.90562pt x 836.3747pt>
File: Pictures/JetEdit.png Graphic file (type png)

<use Pictures/JetEdit.png>
Package pdftex.def Info: Pictures/JetEdit.png used on input line 536.
(pdftex.def)             Requested size: 469.75499pt x 266.91905pt.
 [22] [23 <./Pictures/color_social_network.png>]
[24 <./Pictures/JetEdit.png>] [25] [26] [27] [28] [29] [30]
<Pictures/Hubs_hist.png, id=543, 837.88031pt x 459.21562pt>
File: Pictures/Hubs_hist.png Graphic file (type png)

<use Pictures/Hubs_hist.png>
Package pdftex.def Info: Pictures/Hubs_hist.png used on input line 710.
(pdftex.def)             Requested size: 469.75499pt x 257.45328pt.
 [31] [32 <./Pictures/Hubs_hist.png>]
Chapter 4.
[33

] <Pictures/ModelSelection.png, id=564, 566.115pt x 427.5975pt>
File: Pictures/ModelSelection.png Graphic file (type png)

<use Pictures/ModelSelection.png>
Package pdftex.def Info: Pictures/ModelSelection.png used on input line 741.
(pdftex.def)             Requested size: 375.80542pt x 283.85942pt.
 [34 <./Pictures/ModelSelection.png>]
<Pictures/3_level_tree.png, id=575, 918.7926pt x 345.9324pt>
File: Pictures/3_level_tree.png Graphic file (type png)

<use Pictures/3_level_tree.png>
Package pdftex.def Info: Pictures/3_level_tree.png used on input line 760.
(pdftex.def)             Requested size: 469.75499pt x 176.86658pt.
 [35 <./Pictures/3_level_tree.png>] [36]
[37] <Pictures/RandForest.png, id=604, 461.5644pt x 441.3288pt>
File: Pictures/RandForest.png Graphic file (type png)

<use Pictures/RandForest.png>
Package pdftex.def Info: Pictures/RandForest.png used on input line 821.
(pdftex.def)             Requested size: 328.82706pt x 314.40962pt.
 [38 <./Pictures/RandForest.png>] [39] [40]
[41]
Chapter 5.
[42

] <Pictures/Prediction_50_50_RF.png, id=635, 577.1964pt x 308.352pt>
File: Pictures/Prediction_50_50_RF.png Graphic file (type png)

<use Pictures/Prediction_50_50_RF.png>
Package pdftex.def Info: Pictures/Prediction_50_50_RF.png used on input line 90
4.
(pdftex.def)             Requested size: 469.75499pt x 250.95413pt.

<Pictures/Classification_confusion.png, id=637, 557.08125pt x 469.00218pt>
File: Pictures/Classification_confusion.png Graphic file (type png)

<use Pictures/Classification_confusion.png>
Package pdftex.def Info: Pictures/Classification_confusion.png used on input li
ne 913.
(pdftex.def)             Requested size: 328.82706pt x 276.84486pt.
 [43] [44 <./Pictures/Prediction_50_50_RF.png>] [45 <./Pictures/Classification_
confusion.png (PNG copy)>]
<Pictures/TimeGapsAnalysis.png, id=656, 626.8218pt x 327.624pt>
File: Pictures/TimeGapsAnalysis.png Graphic file (type png)

<use Pictures/TimeGapsAnalysis.png>
Package pdftex.def Info: Pictures/TimeGapsAnalysis.png used on input line 949.
(pdftex.def)             Requested size: 375.80542pt x 196.42593pt.

<Pictures/FeatureAnalysis.png, id=660, 531.4254pt x 341.5962pt>
File: Pictures/FeatureAnalysis.png Graphic file (type png)

<use Pictures/FeatureAnalysis.png>
Package pdftex.def Info: Pictures/FeatureAnalysis.png used on input line 967.
(pdftex.def)             Requested size: 375.80542pt x 241.57071pt.
 [46 <./Pictures/TimeGapsAnalysis.png>]
<Pictures/LOOCV_confusion.png, id=669, 572.1375pt x 472.01344pt>
File: Pictures/LOOCV_confusion.png Graphic file (type png)

<use Pictures/LOOCV_confusion.png>
Package pdftex.def Info: Pictures/LOOCV_confusion.png used on input line 983.
(pdftex.def)             Requested size: 328.82706pt x 271.28317pt.
 [47 <./Pictures/FeatureAnalysis.png>]
[48 <./Pictures/LOOCV_confusion.png (PNG copy)>] [49]
<Pictures/superior_identification.png, id=690, 561.297pt x 409.0482pt>
File: Pictures/superior_identification.png Graphic file (type png)

<use Pictures/superior_identification.png>
Package pdftex.def Info: Pictures/superior_identification.png used on input lin
e 1025.
(pdftex.def)             Requested size: 328.82706pt x 239.63864pt.
 [50]
<Pictures/generated_org_chart.png, id=697, 1031.35312pt x 515.67656pt>
File: Pictures/generated_org_chart.png Graphic file (type png)

<use Pictures/generated_org_chart.png>
Package pdftex.def Info: Pictures/generated_org_chart.png used on input line 10
43.
(pdftex.def)             Requested size: 469.75499pt x 234.87712pt.
 [51 <./Pictures/superior_identification.png>] [52 <./Pictures/generated_org_ch
art.png>]
Chapter 6.
[53

] <Pictures/num_days_LOOCV.PNG, id=718, 553.5882pt x 317.5062pt>
File: Pictures/num_days_LOOCV.PNG Graphic file (type png)

<use Pictures/num_days_LOOCV.PNG>
Package pdftex.def Info: Pictures/num_days_LOOCV.PNG used on input line 1087.
(pdftex.def)             Requested size: 328.82706pt x 188.60118pt.

<Pictures/Num_of_people_LOOCV.png, id=722, 487.8225pt x 333.49594pt>
File: Pictures/Num_of_people_LOOCV.png Graphic file (type png)

<use Pictures/Num_of_people_LOOCV.png>
Package pdftex.def Info: Pictures/Num_of_people_LOOCV.png used on input line 11
06.
(pdftex.def)             Requested size: 328.82706pt x 224.7998pt.
 [54] [55 <./Pictures/num_days_LOOCV.PNG>] [56 <./Pictures/Num_of_people_LOOCV.
png>]
<Pictures/dbn.png, id=742, 860.4948pt x 357.4956pt>
File: Pictures/dbn.png Graphic file (type png)
 <use Pictures/dbn.png>
Package pdftex.def Info: Pictures/dbn.png used on input line 1134.
(pdftex.def)             Requested size: 328.82706pt x 136.61342pt.

[57 <./Pictures/dbn.png>] [58] [59] [60]
Chapter 7.
[61

] (./Straub_KM_T_2016.bbl [62]
Chapter 8.
[63

] [64]
Underfull \hbox (badness 2221) in paragraph at lines 68--72
[]\OT1/ptm/m/n/12 J. Shetty and J. Adibi, ``Ex em-ployee sta-tus re-port.,'' 20
04.  [[]$http : / / www . isi . edu /
 []


Underfull \hbox (badness 10000) in paragraph at lines 68--72
[]\OT1/ptm/m/n/12 adibi / Enron / Enron[]Employee[]Status . xls$[]].[]InternetA
rchive[].[[]$https : / / web . archive . org / web /
 []


Underfull \hbox (badness 10000) in paragraph at lines 68--72
\OT1/ptm/m/n/12 20131126121206 / http : / / www . isi . edu / []adibi / Enron /
 Enron[]Employee[]Status . xls$[]], Ac-cessed
 []

[65] [66]
Missing character: There is no √ in font ptmr7t!
Missing character: There is no § in font ptmr7t!
Missing character: There is no √ in font ptmr7t!
Missing character: There is no § in font ptmr7t!
Missing character: There is no √ in font ptmr7t!
Missing character: There is no © in font ptmr7t!
 [67]
Missing character: There is no √ in font ptmr7t!
Missing character: There is no ° in font ptmr7t!
 [68]
Missing character: There is no ¬ in font ptmri7t!
Missing character: There is no Æ in font ptmri7t!
) [69]
Package hyperref Info: bookmark level for unknown lstlisting defaults to 0 on i
nput line 1232.
 (./1439900489.txt
LaTeX Font Info:    Try loading font information for OML+ptm on input line 1.

(/usr/share/texlive/texmf-dist/tex/latex/psnfss/omlptm.fd
File: omlptm.fd 
)
LaTeX Font Info:    Font shape `OML/ptm/m/n' in size <8> not available
(Font)              Font shape `OML/cmm/m/it' tried instead on input line 1.
 [70

] [71]
LaTeX Font Info:    Font shape `OMS/ptm/m/n' in size <8> not available
(Font)              Font shape `OMS/cmsy/m/n' tried instead on input line 140.
 [72]
[73] [74] [75]) [76] [77

] [78] [79] [80]
Package atveryend Info: Empty hook `BeforeClearDocument' on input line 1354.
 [81]
Package atveryend Info: Empty hook `AfterLastShipout' on input line 1354.
 (./Straub_KM_T_2016.aux)
Package atveryend Info: Executing hook `AtVeryEndDocument' on input line 1354.
Package atveryend Info: Executing hook `AtEndAfterFileList' on input line 1354.

Package rerunfilecheck Info: File `Straub_KM_T_2016.out' has not changed.
(rerunfilecheck)             Checksum: EED837C9E2CE0EA5AC5EE4A03E3522BD;1889.
Package atveryend Info: Empty hook `AtVeryVeryEnd' on input line 1354.
 ) 
Here is how much of TeX's memory you used:
 13097 strings out of 493304
 200862 string characters out of 6139872
 712053 words of memory out of 5000000
 15512 multiletter control sequences out of 15000+600000
 33665 words of font info for 81 fonts, out of 8000000 for 9000
 957 hyphenation exceptions out of 8191
 37i,11n,43p,531b,1735s stack positions out of 5000i,500n,10000p,200000b,80000s
{/usr/share/texlive/texmf-dist/fonts/enc/dvips/base/8r.enc}</usr/share/texliv
e/texmf-dist/fonts/type1/public/amsfonts/cm/cmex10.pfb></usr/share/texlive/texm
f-dist/fonts/type1/public/amsfonts/cm/cmmi10.pfb></usr/share/texlive/texmf-dist
/fonts/type1/public/amsfonts/cm/cmmi12.pfb></usr/share/texlive/texmf-dist/fonts
/type1/public/amsfonts/cm/cmmi6.pfb></usr/share/texlive/texmf-dist/fonts/type1/
public/amsfonts/cm/cmmi8.pfb></usr/share/texlive/texmf-dist/fonts/type1/public/
amsfonts/cm/cmmib10.pfb></usr/share/texlive/texmf-dist/fonts/type1/public/amsfo
nts/cmextra/cmmib8.pfb></usr/share/texlive/texmf-dist/fonts/type1/public/amsfon
ts/cm/cmr10.pfb></usr/share/texlive/texmf-dist/fonts/type1/public/amsfonts/cm/c
mr12.pfb></usr/share/texlive/texmf-dist/fonts/type1/public/amsfonts/cm/cmr6.pfb
></usr/share/texlive/texmf-dist/fonts/type1/public/amsfonts/cm/cmr8.pfb></usr/s
hare/texlive/texmf-dist/fonts/type1/public/amsfonts/cm/cmsy10.pfb></usr/share/t
exlive/texmf-dist/fonts/type1/public/amsfonts/cm/cmsy8.pfb></usr/share/texlive/
texmf-dist/fonts/type1/urw/times/utmb8a.pfb></usr/share/texlive/texmf-dist/font
s/type1/urw/times/utmr8a.pfb></usr/share/texlive/texmf-dist/fonts/type1/urw/tim
es/utmri8a.pfb>
Output written on Straub_KM_T_2016.pdf (89 pages, 2494931 bytes).
PDF statistics:
 1694 PDF objects out of 1728 (max. 8388607)
 1512 compressed objects within 16 object streams
 822 named destinations out of 1000 (max. 500000)
 480 words of extra memory for PDF output out of 10000 (max. 10000000)

