This is pdfTeX, Version 3.1415926-2.5-1.40.14 (TeX Live 2013/Debian) (format=pdflatex 2015.5.22)  17 FEB 2016 16:35
entering extended mode
 restricted \write18 enabled.
 %&-line parsing enabled.
**template.tex
(./template.tex
LaTeX2e <2011/06/27>
Babel <3.9h> and hyphenation patterns for 4 languages loaded.
(/usr/share/texlive/texmf-dist/tex/latex/base/report.cls
Document Class: report 2007/10/19 v1.4h Standard LaTeX document class
(/usr/share/texlive/texmf-dist/tex/latex/base/size12.clo
File: size12.clo 2007/10/19 v1.4h Standard LaTeX file (size option)
)
\c@part=\count79
\c@chapter=\count80
\c@section=\count81
\c@subsection=\count82
\c@subsubsection=\count83
\c@paragraph=\count84
\c@subparagraph=\count85
\c@figure=\count86
\c@table=\count87
\abovecaptionskip=\skip41
\belowcaptionskip=\skip42
\bibindent=\dimen102
)

LaTeX Warning: Unused global option(s):
    [dvips].

(./template.aux)
\openout1 = `template.aux'.

LaTeX Font Info:    Checking defaults for OML/cmm/m/it on input line 30.
LaTeX Font Info:    ... okay on input line 30.
LaTeX Font Info:    Checking defaults for T1/cmr/m/n on input line 30.
LaTeX Font Info:    ... okay on input line 30.
LaTeX Font Info:    Checking defaults for OT1/cmr/m/n on input line 30.
LaTeX Font Info:    ... okay on input line 30.
LaTeX Font Info:    Checking defaults for OMS/cmsy/m/n on input line 30.
LaTeX Font Info:    ... okay on input line 30.
LaTeX Font Info:    Checking defaults for OMX/cmex/m/n on input line 30.
LaTeX Font Info:    ... okay on input line 30.
LaTeX Font Info:    Checking defaults for U/cmr/m/n on input line 30.
LaTeX Font Info:    ... okay on input line 30.
 [1

{/var/lib/texmf/fonts/map/pdftex/updmap/pdftex.map}]
[2] (./template.toc)
\tf@toc=\write3
\openout3 = `template.toc'.

 [3

] (./template.lof)
\tf@lof=\write4
\openout4 = `template.lof'.

 [4

] (./template.lot
LaTeX Font Info:    External font `cmex10' loaded for size
(Font)              <12> on input line 2.
LaTeX Font Info:    External font `cmex10' loaded for size
(Font)              <8> on input line 2.
LaTeX Font Info:    External font `cmex10' loaded for size
(Font)              <6> on input line 2.
)
\tf@lot=\write5
\openout5 = `template.lot'.

 [5

]
Chapter 1.
[1

]
Runaway argument?
{\settowidth \labelwidth {\@biblabel {
! Paragraph ended before \list was complete.
<to be read again> 
                   \par 
l.179 
      
I suspect you've forgotten a `}', causing me to apply this
control sequence to too much text. How can we recover?
My plan is to forget the whole thing and hope for the best.

! Too many }'s.
\thebibliography ...h \labelwidth {\@biblabel {#1}
                                                  }\leftmargin \labelwidth \...
l.179 
      
You've closed more groups than you opened.
Such booboos are generally harmless, so keep going.

! Too many }'s.
\thebibliography ... \labelwidth {\@biblabel {#1}}
                                                  \leftmargin \labelwidth \a...
l.179 
      
You've closed more groups than you opened.
Such booboos are generally harmless, so keep going.

! Too many }'s.
\thebibliography ...eenumiv {\@arabic \c@enumiv }}
                                                  \sloppy \clubpenalty 4000 ...
l.179 
      
You've closed more groups than you opened.
Such booboos are generally harmless, so keep going.

[2

] (./template.aux) ) 
Here is how much of TeX's memory you used:
 263 strings out of 494985
 2813 string characters out of 6180356
 49544 words of memory out of 5000000
 3545 multiletter control sequences out of 15000+600000
 8534 words of font info for 30 fonts, out of 8000000 for 9000
 36 hyphenation exceptions out of 8191
 23i,7n,19p,166b,237s stack positions out of 5000i,500n,10000p,200000b,80000s
</usr/share/texlive/texmf-dist/fonts/type1/public/amsfonts/
cm/cmbx12.pfb></usr/share/texlive/texmf-dist/fonts/type1/public/amsfonts/cm/cmc
sc10.pfb></usr/share/texlive/texmf-dist/fonts/type1/public/amsfonts/cm/cmr12.pf
b></usr/share/texlive/texmf-dist/fonts/type1/public/amsfonts/cm/cmr17.pfb></usr
/share/texlive/texmf-dist/fonts/type1/public/amsfonts/cm/cmti12.pfb>
Output written on template.pdf (7 pages, 68955 bytes).
PDF statistics:
 48 PDF objects out of 1000 (max. 8388607)
 33 compressed objects within 1 object stream
 0 named destinations out of 1000 (max. 500000)
 1 words of extra memory for PDF output out of 10000 (max. 10000000)

